  [1m[36m (1.7ms)[0m  [1mCREATE TABLE "schema_migrations" ("version" varchar NOT NULL) [0m
  [1m[35m (0.1ms)[0m  select sqlite_version(*)
  [1m[36m (1.6ms)[0m  [1mCREATE UNIQUE INDEX "unique_schema_migrations" ON "schema_migrations" ("version")[0m
  [1m[35mActiveRecord::SchemaMigration Load (0.1ms)[0m  SELECT "schema_migrations".* FROM "schema_migrations"


Started GET "/" for ::1 at 2015-11-17 17:47:54 -0600
Processing by Rails::WelcomeController#index as HTML
  Rendered /Users/admin/.rvm/gems/ruby-2.1.2/gems/railties-4.2.3/lib/rails/templates/rails/welcome/index.html.erb (2.8ms)
Completed 200 OK in 27ms (Views: 19.4ms | ActiveRecord: 0.0ms)
  [1m[36mActiveRecord::SchemaMigration Load (0.1ms)[0m  [1mSELECT "schema_migrations".* FROM "schema_migrations"[0m
Migrating to CreateStudents (1)
  [1m[35m (0.1ms)[0m  begin transaction
  [1m[36m (0.4ms)[0m  [1mCREATE TABLE "students" ("id" INTEGER PRIMARY KEY AUTOINCREMENT NOT NULL, "first_name" varchar, "last_name" varchar, "created_at" datetime NOT NULL, "updated_at" datetime NOT NULL) [0m
  [1m[35mSQL (0.3ms)[0m  INSERT INTO "schema_migrations" ("version") VALUES (?)  [["version", "1"]]
  [1m[36m (1.4ms)[0m  [1mcommit transaction[0m
  [1m[35mActiveRecord::SchemaMigration Load (0.1ms)[0m  SELECT "schema_migrations".* FROM "schema_migrations"
  [1m[36m (0.1ms)[0m  [1mbegin transaction[0m
  [1m[35mSQL (0.3ms)[0m  INSERT INTO "students" ("first_name", "last_name", "created_at", "updated_at") VALUES (?, ?, ?, ?)  [["first_name", "Jordan"], ["last_name", "Hudgens"], ["created_at", "2015-11-18 00:10:55.545365"], ["updated_at", "2015-11-18 00:10:55.545365"]]
  [1m[36m (2.9ms)[0m  [1mcommit transaction[0m
  [1m[35mStudent Load (0.2ms)[0m  SELECT  "students".* FROM "students"  ORDER BY "students"."id" DESC LIMIT 1
  [1m[36m (0.1ms)[0m  [1mbegin transaction[0m
  [1m[35mSQL (0.3ms)[0m  INSERT INTO "students" ("created_at", "updated_at") VALUES (?, ?)  [["created_at", "2015-11-18 00:17:49.095449"], ["updated_at", "2015-11-18 00:17:49.095449"]]
  [1m[36m (1.2ms)[0m  [1mcommit transaction[0m
  [1m[35mStudent Load (0.2ms)[0m  SELECT  "students".* FROM "students"  ORDER BY "students"."id" DESC LIMIT 1
  [1m[36mActiveRecord::SchemaMigration Load (0.1ms)[0m  [1mSELECT "schema_migrations".* FROM "schema_migrations"[0m
  [1m[35mActiveRecord::SchemaMigration Load (0.1ms)[0m  SELECT "schema_migrations".* FROM "schema_migrations"


Started GET "/" for ::1 at 2015-11-18 13:36:42 -0600
  [1m[36mActiveRecord::SchemaMigration Load (0.1ms)[0m  [1mSELECT "schema_migrations".* FROM "schema_migrations"[0m
Processing by Rails::WelcomeController#index as HTML
  Rendered /Users/admin/.rvm/gems/ruby-2.1.2/gems/railties-4.2.3/lib/rails/templates/rails/welcome/index.html.erb (2.4ms)
Completed 200 OK in 39ms (Views: 24.5ms | ActiveRecord: 0.0ms)


Started GET "/" for ::1 at 2015-11-18 13:37:10 -0600
Processing by Rails::WelcomeController#index as HTML
  Rendered /Users/admin/.rvm/gems/ruby-2.1.2/gems/railties-4.2.3/lib/rails/templates/rails/welcome/index.html.erb (0.0ms)
Completed 200 OK in 1ms (Views: 0.7ms | ActiveRecord: 0.0ms)
  [1m[36mActiveRecord::SchemaMigration Load (0.5ms)[0m  [1mSELECT "schema_migrations".* FROM "schema_migrations"[0m
  [1m[35mActiveRecord::SchemaMigration Load (0.1ms)[0m  SELECT "schema_migrations".* FROM "schema_migrations"
  [1m[36mStudent Load (0.4ms)[0m  [1mSELECT  "students".* FROM "students"  ORDER BY "students"."id" DESC LIMIT 1[0m
  [1m[35mStudent Load (0.2ms)[0m  SELECT  "students".* FROM "students"  ORDER BY "students"."id" DESC LIMIT 1
  [1m[36m (0.1ms)[0m  [1mbegin transaction[0m
  [1m[35mSQL (0.6ms)[0m  DELETE FROM "students" WHERE "students"."id" = ?  [["id", 2]]
  [1m[36m (1.6ms)[0m  [1mcommit transaction[0m
  [1m[35mStudent Load (0.2ms)[0m  SELECT "students".* FROM "students"
  [1m[36mActiveRecord::SchemaMigration Load (1.2ms)[0m  [1mSELECT "schema_migrations".* FROM "schema_migrations"[0m
Migrating to CreateSchoolClassesTable (20190202155123)
  [1m[35m (0.1ms)[0m  begin transaction
  [1m[36m (2.0ms)[0m  [1mCREATE TABLE "school_classes" ("id" INTEGER PRIMARY KEY AUTOINCREMENT NOT NULL, "title" varchar, "room_number" integer) [0m
  [1m[35mSQL (0.4ms)[0m  INSERT INTO "schema_migrations" ("version") VALUES (?)  [["version", "20190202155123"]]
  [1m[36m (5.7ms)[0m  [1mcommit transaction[0m
  [1m[35mActiveRecord::SchemaMigration Load (0.2ms)[0m  SELECT "schema_migrations".* FROM "schema_migrations"


Started GET "/students" for ::1 at 2019-02-02 16:06:49 +0000
  [1m[36mActiveRecord::SchemaMigration Load (1.2ms)[0m  [1mSELECT "schema_migrations".* FROM "schema_migrations"[0m

ActionController::RoutingError (No route matches [GET] "/students"):
  actionpack (4.2.11) lib/action_dispatch/middleware/debug_exceptions.rb:21:in `call'
  actionpack (4.2.11) lib/action_dispatch/middleware/show_exceptions.rb:30:in `call'
  railties (4.2.11) lib/rails/rack/logger.rb:38:in `call_app'
  railties (4.2.11) lib/rails/rack/logger.rb:20:in `block in call'
  activesupport (4.2.11) lib/active_support/tagged_logging.rb:68:in `block in tagged'
  activesupport (4.2.11) lib/active_support/tagged_logging.rb:26:in `tagged'
  activesupport (4.2.11) lib/active_support/tagged_logging.rb:68:in `tagged'
  railties (4.2.11) lib/rails/rack/logger.rb:20:in `call'
  actionpack (4.2.11) lib/action_dispatch/middleware/request_id.rb:21:in `call'
  rack (1.6.11) lib/rack/methodoverride.rb:22:in `call'
  rack (1.6.11) lib/rack/runtime.rb:18:in `call'
  activesupport (4.2.11) lib/active_support/cache/strategy/local_cache_middleware.rb:28:in `call'
  rack (1.6.11) lib/rack/lock.rb:17:in `call'
  actionpack (4.2.11) lib/action_dispatch/middleware/static.rb:120:in `call'
  rack (1.6.11) lib/rack/sendfile.rb:113:in `call'
  railties (4.2.11) lib/rails/engine.rb:518:in `call'
  railties (4.2.11) lib/rails/application.rb:165:in `call'
  rack (1.6.11) lib/rack/lock.rb:17:in `call'
  rack (1.6.11) lib/rack/content_length.rb:15:in `call'
  rack (1.6.11) lib/rack/handler/webrick.rb:88:in `service'
  /Users/Matt/.rvm/rubies/ruby-2.3.3/lib/ruby/2.3.0/webrick/httpserver.rb:140:in `service'
  /Users/Matt/.rvm/rubies/ruby-2.3.3/lib/ruby/2.3.0/webrick/httpserver.rb:96:in `run'
  /Users/Matt/.rvm/rubies/ruby-2.3.3/lib/ruby/2.3.0/webrick/server.rb:296:in `block in start_thread'


  Rendered /Users/Matt/.rvm/gems/ruby-2.3.3/gems/actionpack-4.2.11/lib/action_dispatch/middleware/templates/rescues/_trace.html.erb (1.3ms)
  Rendered /Users/Matt/.rvm/gems/ruby-2.3.3/gems/actionpack-4.2.11/lib/action_dispatch/middleware/templates/routes/_table.html.erb (19.1ms)
  Rendered /Users/Matt/.rvm/gems/ruby-2.3.3/gems/actionpack-4.2.11/lib/action_dispatch/middleware/templates/rescues/_request_and_response.html.erb (14.6ms)
  Rendered /Users/Matt/.rvm/gems/ruby-2.3.3/gems/actionpack-4.2.11/lib/action_dispatch/middleware/templates/rescues/routing_error.html.erb within rescues/layout (136.5ms)


Started GET "/students" for ::1 at 2019-02-02 16:08:48 +0000
  [1m[36mActiveRecord::SchemaMigration Load (1.3ms)[0m  [1mSELECT "schema_migrations".* FROM "schema_migrations"[0m
Processing by StudentsController#index as HTML
Completed 500 Internal Server Error in 37ms (ActiveRecord: 0.0ms)

NameError (undefined local variable or method `student' for #<StudentsController:0x007faf82f14788>
Did you mean?  student_url):
  app/controllers/students_controller.rb:6:in `index'


  Rendered /Users/Matt/.rvm/gems/ruby-2.3.3/gems/actionpack-4.2.11/lib/action_dispatch/middleware/templates/rescues/_source.erb (5.8ms)
  Rendered /Users/Matt/.rvm/gems/ruby-2.3.3/gems/actionpack-4.2.11/lib/action_dispatch/middleware/templates/rescues/_trace.html.erb (2.2ms)
  Rendered /Users/Matt/.rvm/gems/ruby-2.3.3/gems/actionpack-4.2.11/lib/action_dispatch/middleware/templates/rescues/_request_and_response.html.erb (2.1ms)
  Rendered /Users/Matt/.rvm/gems/ruby-2.3.3/gems/actionpack-4.2.11/lib/action_dispatch/middleware/templates/rescues/diagnostics.html.erb within rescues/layout (116.4ms)


Started GET "/students" for ::1 at 2019-02-02 16:09:03 +0000
Processing by StudentsController#index as HTML
  Rendered students/index.html.erb within layouts/application (0.5ms)
Completed 200 OK in 590ms (Views: 586.8ms | ActiveRecord: 0.0ms)


Started GET "/assets/jquery_ujs.self-784a997f6726036b1993eb2217c9cb558e1cbb801c6da88105588c56f13b466a.js?body=1" for ::1 at 2019-02-02 16:09:03 +0000


Started GET "/assets/turbolinks.self-569ee74eaa15c1e2019317ff770b8769b1ec033a0f572a485f64c82ddc8f989e.js?body=1" for ::1 at 2019-02-02 16:09:03 +0000


Started GET "/assets/jquery.self-bd7ddd393353a8d2480a622e80342adf488fb6006d667e8b42e4c0073393abee.js?body=1" for ::1 at 2019-02-02 16:09:04 +0000


Started GET "/students" for ::1 at 2019-02-02 16:22:31 +0000
Processing by StudentsController#index as HTML
  [1m[35mStudent Load (1.3ms)[0m  SELECT "students".* FROM "students"
  Rendered students/index.html.erb within layouts/application (16.6ms)
Completed 200 OK in 72ms (Views: 68.8ms | ActiveRecord: 2.0ms)


Started GET "/students/new" for ::1 at 2019-02-02 16:22:35 +0000
Processing by StudentsController#new as HTML
  Rendered students/_form.html.erb (56.6ms)
  Rendered students/new.html.erb within layouts/application (79.5ms)
Completed 200 OK in 123ms (Views: 122.1ms | ActiveRecord: 0.0ms)


Started GET "/students/new" for ::1 at 2019-02-02 16:22:52 +0000
Processing by StudentsController#new as HTML
  Rendered students/_form.html.erb (5.6ms)
  Rendered students/new.html.erb within layouts/application (8.6ms)
Completed 200 OK in 50ms (Views: 48.5ms | ActiveRecord: 0.0ms)


Started POST "/students" for ::1 at 2019-02-02 16:22:58 +0000
Processing by StudentsController#create as HTML
  Parameters: {"utf8"=>"✓", "authenticity_token"=>"K/qUMnaY8DLfa/EfLtp2WQUz3W8T0BQDTkJYoOBN39xGdQTIP0fzf2rk5ia86uEqC8nmJTEpMhAr2R0DVLrhzQ==", "student"=>{"first_name"=>"Matthew", "last_name"=>"Collins"}, "commit"=>"Create Student"}
Unpermitted parameters: first_name, last_name
  [1m[36m (0.1ms)[0m  [1mbegin transaction[0m
  [1m[35mSQL (2.9ms)[0m  INSERT INTO "students" ("created_at", "updated_at") VALUES (?, ?)  [["created_at", "2019-02-02 16:22:58.293674"], ["updated_at", "2019-02-02 16:22:58.293674"]]
  [1m[36m (5.5ms)[0m  [1mcommit transaction[0m
Redirected to http://localhost:3000/students/3
Completed 302 Found in 16ms (ActiveRecord: 8.5ms)


Started GET "/students/3" for ::1 at 2019-02-02 16:22:58 +0000
Processing by StudentsController#show as HTML
  Parameters: {"id"=>"3"}
Completed 500 Internal Server Error in 25ms (ActiveRecord: 0.0ms)

NoMethodError (undefined method `find_train' for #<StudentsController:0x007faf83321880>):
  activesupport (4.2.11) lib/active_support/callbacks.rb:432:in `block in make_lambda'
  activesupport (4.2.11) lib/active_support/callbacks.rb:145:in `block in halting_and_conditional'
  activesupport (4.2.11) lib/active_support/callbacks.rb:504:in `block in call'
  activesupport (4.2.11) lib/active_support/callbacks.rb:504:in `each'
  activesupport (4.2.11) lib/active_support/callbacks.rb:504:in `call'
  activesupport (4.2.11) lib/active_support/callbacks.rb:92:in `__run_callbacks__'
  activesupport (4.2.11) lib/active_support/callbacks.rb:778:in `_run_process_action_callbacks'
  activesupport (4.2.11) lib/active_support/callbacks.rb:81:in `run_callbacks'
  actionpack (4.2.11) lib/abstract_controller/callbacks.rb:19:in `process_action'
  actionpack (4.2.11) lib/action_controller/metal/rescue.rb:29:in `process_action'
  actionpack (4.2.11) lib/action_controller/metal/instrumentation.rb:32:in `block in process_action'
  activesupport (4.2.11) lib/active_support/notifications.rb:164:in `block in instrument'
  activesupport (4.2.11) lib/active_support/notifications/instrumenter.rb:20:in `instrument'
  activesupport (4.2.11) lib/active_support/notifications.rb:164:in `instrument'
  actionpack (4.2.11) lib/action_controller/metal/instrumentation.rb:30:in `process_action'
  actionpack (4.2.11) lib/action_controller/metal/params_wrapper.rb:250:in `process_action'
  activerecord (4.2.11) lib/active_record/railties/controller_runtime.rb:18:in `process_action'
  actionpack (4.2.11) lib/abstract_controller/base.rb:137:in `process'
  actionview (4.2.11) lib/action_view/rendering.rb:30:in `process'
  actionpack (4.2.11) lib/action_controller/metal.rb:196:in `dispatch'
  actionpack (4.2.11) lib/action_controller/metal/rack_delegation.rb:13:in `dispatch'
  actionpack (4.2.11) lib/action_controller/metal.rb:237:in `block in action'
  actionpack (4.2.11) lib/action_dispatch/routing/route_set.rb:74:in `dispatch'
  actionpack (4.2.11) lib/action_dispatch/routing/route_set.rb:43:in `serve'
  actionpack (4.2.11) lib/action_dispatch/journey/router.rb:43:in `block in serve'
  actionpack (4.2.11) lib/action_dispatch/journey/router.rb:30:in `each'
  actionpack (4.2.11) lib/action_dispatch/journey/router.rb:30:in `serve'
  actionpack (4.2.11) lib/action_dispatch/routing/route_set.rb:817:in `call'
  rack (1.6.11) lib/rack/etag.rb:24:in `call'
  rack (1.6.11) lib/rack/conditionalget.rb:25:in `call'
  rack (1.6.11) lib/rack/head.rb:13:in `call'
  actionpack (4.2.11) lib/action_dispatch/middleware/params_parser.rb:27:in `call'
  actionpack (4.2.11) lib/action_dispatch/middleware/flash.rb:260:in `call'
  rack (1.6.11) lib/rack/session/abstract/id.rb:225:in `context'
  rack (1.6.11) lib/rack/session/abstract/id.rb:220:in `call'
  actionpack (4.2.11) lib/action_dispatch/middleware/cookies.rb:560:in `call'
  activerecord (4.2.11) lib/active_record/query_cache.rb:36:in `call'
  activerecord (4.2.11) lib/active_record/connection_adapters/abstract/connection_pool.rb:653:in `call'
  activerecord (4.2.11) lib/active_record/migration.rb:377:in `call'
  actionpack (4.2.11) lib/action_dispatch/middleware/callbacks.rb:29:in `block in call'
  activesupport (4.2.11) lib/active_support/callbacks.rb:88:in `__run_callbacks__'
  activesupport (4.2.11) lib/active_support/callbacks.rb:778:in `_run_call_callbacks'
  activesupport (4.2.11) lib/active_support/callbacks.rb:81:in `run_callbacks'
  actionpack (4.2.11) lib/action_dispatch/middleware/callbacks.rb:27:in `call'
  actionpack (4.2.11) lib/action_dispatch/middleware/reloader.rb:73:in `call'
  actionpack (4.2.11) lib/action_dispatch/middleware/remote_ip.rb:78:in `call'
  actionpack (4.2.11) lib/action_dispatch/middleware/debug_exceptions.rb:17:in `call'
  actionpack (4.2.11) lib/action_dispatch/middleware/show_exceptions.rb:30:in `call'
  railties (4.2.11) lib/rails/rack/logger.rb:38:in `call_app'
  railties (4.2.11) lib/rails/rack/logger.rb:20:in `block in call'
  activesupport (4.2.11) lib/active_support/tagged_logging.rb:68:in `block in tagged'
  activesupport (4.2.11) lib/active_support/tagged_logging.rb:26:in `tagged'
  activesupport (4.2.11) lib/active_support/tagged_logging.rb:68:in `tagged'
  railties (4.2.11) lib/rails/rack/logger.rb:20:in `call'
  actionpack (4.2.11) lib/action_dispatch/middleware/request_id.rb:21:in `call'
  rack (1.6.11) lib/rack/methodoverride.rb:22:in `call'
  rack (1.6.11) lib/rack/runtime.rb:18:in `call'
  activesupport (4.2.11) lib/active_support/cache/strategy/local_cache_middleware.rb:28:in `call'
  rack (1.6.11) lib/rack/lock.rb:17:in `call'
  actionpack (4.2.11) lib/action_dispatch/middleware/static.rb:120:in `call'
  rack (1.6.11) lib/rack/sendfile.rb:113:in `call'
  railties (4.2.11) lib/rails/engine.rb:518:in `call'
  railties (4.2.11) lib/rails/application.rb:165:in `call'
  rack (1.6.11) lib/rack/lock.rb:17:in `call'
  rack (1.6.11) lib/rack/content_length.rb:15:in `call'
  rack (1.6.11) lib/rack/handler/webrick.rb:88:in `service'
  /Users/Matt/.rvm/rubies/ruby-2.3.3/lib/ruby/2.3.0/webrick/httpserver.rb:140:in `service'
  /Users/Matt/.rvm/rubies/ruby-2.3.3/lib/ruby/2.3.0/webrick/httpserver.rb:96:in `run'
  /Users/Matt/.rvm/rubies/ruby-2.3.3/lib/ruby/2.3.0/webrick/server.rb:296:in `block in start_thread'


  Rendered /Users/Matt/.rvm/gems/ruby-2.3.3/gems/actionpack-4.2.11/lib/action_dispatch/middleware/templates/rescues/_source.erb (7.5ms)
  Rendered /Users/Matt/.rvm/gems/ruby-2.3.3/gems/actionpack-4.2.11/lib/action_dispatch/middleware/templates/rescues/_trace.html.erb (2.2ms)
  Rendered /Users/Matt/.rvm/gems/ruby-2.3.3/gems/actionpack-4.2.11/lib/action_dispatch/middleware/templates/rescues/_request_and_response.html.erb (1.2ms)
  Rendered /Users/Matt/.rvm/gems/ruby-2.3.3/gems/actionpack-4.2.11/lib/action_dispatch/middleware/templates/rescues/diagnostics.html.erb within rescues/layout (103.6ms)


Started POST "/students" for ::1 at 2019-02-02 16:24:08 +0000
Processing by StudentsController#create as HTML
  Parameters: {"utf8"=>"✓", "authenticity_token"=>"K/qUMnaY8DLfa/EfLtp2WQUz3W8T0BQDTkJYoOBN39xGdQTIP0fzf2rk5ia86uEqC8nmJTEpMhAr2R0DVLrhzQ==", "student"=>{"first_name"=>"Matthew", "last_name"=>"Collins"}, "commit"=>"Create Student"}
Unpermitted parameters: first_name, last_name
  [1m[35m (0.1ms)[0m  begin transaction
  [1m[36mSQL (2.0ms)[0m  [1mINSERT INTO "students" ("created_at", "updated_at") VALUES (?, ?)[0m  [["created_at", "2019-02-02 16:24:08.975372"], ["updated_at", "2019-02-02 16:24:08.975372"]]
  [1m[35m (3.6ms)[0m  commit transaction
Redirected to http://localhost:3000/students/4
Completed 302 Found in 22ms (ActiveRecord: 6.4ms)


Started GET "/students/4" for ::1 at 2019-02-02 16:24:09 +0000
Processing by StudentsController#show as HTML
  Parameters: {"id"=>"4"}
  [1m[36mStudent Load (0.3ms)[0m  [1mSELECT  "students".* FROM "students" WHERE "students"."id" = ? LIMIT 1[0m  [["id", 4]]
  Rendered students/show.html.erb within layouts/application (8.7ms)
Completed 500 Internal Server Error in 75ms (ActiveRecord: 0.3ms)

ActionView::Template::Error (undefined method `+' for nil:NilClass):
    1: <h1><%= @student.to_s %></h1>
    2: 
    3: <%= link_to 'Edit', edit_student_path(@student) %>
    4: 
  app/models/student.rb:3:in `to_s'
  app/views/students/show.html.erb:1:in `_app_views_students_show_html_erb__1618250039558994337_70195947664480'


  Rendered /Users/Matt/.rvm/gems/ruby-2.3.3/gems/actionpack-4.2.11/lib/action_dispatch/middleware/templates/rescues/_source.erb (6.7ms)
  Rendered /Users/Matt/.rvm/gems/ruby-2.3.3/gems/actionpack-4.2.11/lib/action_dispatch/middleware/templates/rescues/_trace.html.erb (9.4ms)
  Rendered /Users/Matt/.rvm/gems/ruby-2.3.3/gems/actionpack-4.2.11/lib/action_dispatch/middleware/templates/rescues/_request_and_response.html.erb (1.1ms)
  Rendered /Users/Matt/.rvm/gems/ruby-2.3.3/gems/actionpack-4.2.11/lib/action_dispatch/middleware/templates/rescues/template_error.html.erb within rescues/layout (109.2ms)


Started GET "/students/4" for ::1 at 2019-02-02 16:25:29 +0000
Processing by StudentsController#show as HTML
  Parameters: {"id"=>"4"}
  [1m[35mStudent Load (0.2ms)[0m  SELECT  "students".* FROM "students" WHERE "students"."id" = ? LIMIT 1  [["id", 4]]
  Rendered students/show.html.erb within layouts/application (0.5ms)
Completed 200 OK in 78ms (Views: 69.3ms | ActiveRecord: 0.8ms)


Started GET "/students" for ::1 at 2019-02-02 16:25:35 +0000
Processing by StudentsController#index as HTML
  [1m[36mStudent Load (0.2ms)[0m  [1mSELECT "students".* FROM "students"[0m
  Rendered students/index.html.erb within layouts/application (4.3ms)
Completed 200 OK in 54ms (Views: 52.3ms | ActiveRecord: 0.2ms)


Started GET "/students/1" for ::1 at 2019-02-02 16:25:37 +0000
Processing by StudentsController#show as HTML
  Parameters: {"id"=>"1"}
  [1m[35mStudent Load (0.2ms)[0m  SELECT  "students".* FROM "students" WHERE "students"."id" = ? LIMIT 1  [["id", 1]]
  Rendered students/show.html.erb within layouts/application (1.1ms)
Completed 200 OK in 43ms (Views: 40.8ms | ActiveRecord: 0.2ms)


Started GET "/students" for ::1 at 2019-02-02 16:25:39 +0000
Processing by StudentsController#index as HTML
  [1m[36mStudent Load (0.2ms)[0m  [1mSELECT "students".* FROM "students"[0m
  Rendered students/index.html.erb within layouts/application (1.6ms)
Completed 200 OK in 64ms (Views: 62.5ms | ActiveRecord: 0.2ms)


Started GET "/students/new" for ::1 at 2019-02-02 16:25:40 +0000
Processing by StudentsController#new as HTML
  Rendered students/_form.html.erb (6.0ms)
  Rendered students/new.html.erb within layouts/application (10.0ms)
Completed 200 OK in 54ms (Views: 52.1ms | ActiveRecord: 0.0ms)


Started POST "/students" for ::1 at 2019-02-02 16:25:47 +0000
Processing by StudentsController#create as HTML
  Parameters: {"utf8"=>"✓", "authenticity_token"=>"uIDMFywvfwnVRoPOL6o0ugYIZssDRJ/bn0nTbJeMGorVD1ztZfB8RGDJlPe9mqPJCPJdgSG9ucj60pbPI3skmw==", "student"=>{"first_name"=>"Josh", "last_name"=>"Mcaluy"}, "commit"=>"Create Student"}
Unpermitted parameters: first_name, last_name
  [1m[35m (0.1ms)[0m  begin transaction
  [1m[36mSQL (0.5ms)[0m  [1mINSERT INTO "students" ("created_at", "updated_at") VALUES (?, ?)[0m  [["created_at", "2019-02-02 16:25:47.133986"], ["updated_at", "2019-02-02 16:25:47.133986"]]
  [1m[35m (1.9ms)[0m  commit transaction
Redirected to http://localhost:3000/students/5
Completed 302 Found in 9ms (ActiveRecord: 2.5ms)


Started GET "/students/5" for ::1 at 2019-02-02 16:25:47 +0000
Processing by StudentsController#show as HTML
  Parameters: {"id"=>"5"}
  [1m[36mStudent Load (0.2ms)[0m  [1mSELECT  "students".* FROM "students" WHERE "students"."id" = ? LIMIT 1[0m  [["id", 5]]
  Rendered students/show.html.erb within layouts/application (0.4ms)
Completed 200 OK in 39ms (Views: 36.6ms | ActiveRecord: 0.2ms)
  [1m[36mStudent Load (1.4ms)[0m  [1mSELECT  "students".* FROM "students"  ORDER BY "students"."id" ASC LIMIT 1[0m


Started GET "/school_class" for ::1 at 2019-02-02 17:47:51 +0000
  [1m[36mActiveRecord::SchemaMigration Load (1.3ms)[0m  [1mSELECT "schema_migrations".* FROM "schema_migrations"[0m

ActionController::RoutingError (No route matches [GET] "/school_class"):
  actionpack (4.2.11) lib/action_dispatch/middleware/debug_exceptions.rb:21:in `call'
  actionpack (4.2.11) lib/action_dispatch/middleware/show_exceptions.rb:30:in `call'
  railties (4.2.11) lib/rails/rack/logger.rb:38:in `call_app'
  railties (4.2.11) lib/rails/rack/logger.rb:20:in `block in call'
  activesupport (4.2.11) lib/active_support/tagged_logging.rb:68:in `block in tagged'
  activesupport (4.2.11) lib/active_support/tagged_logging.rb:26:in `tagged'
  activesupport (4.2.11) lib/active_support/tagged_logging.rb:68:in `tagged'
  railties (4.2.11) lib/rails/rack/logger.rb:20:in `call'
  actionpack (4.2.11) lib/action_dispatch/middleware/request_id.rb:21:in `call'
  rack (1.6.11) lib/rack/methodoverride.rb:22:in `call'
  rack (1.6.11) lib/rack/runtime.rb:18:in `call'
  activesupport (4.2.11) lib/active_support/cache/strategy/local_cache_middleware.rb:28:in `call'
  rack (1.6.11) lib/rack/lock.rb:17:in `call'
  actionpack (4.2.11) lib/action_dispatch/middleware/static.rb:120:in `call'
  rack (1.6.11) lib/rack/sendfile.rb:113:in `call'
  railties (4.2.11) lib/rails/engine.rb:518:in `call'
  railties (4.2.11) lib/rails/application.rb:165:in `call'
  rack (1.6.11) lib/rack/lock.rb:17:in `call'
  rack (1.6.11) lib/rack/content_length.rb:15:in `call'
  rack (1.6.11) lib/rack/handler/webrick.rb:88:in `service'
  /Users/Matt/.rvm/rubies/ruby-2.3.3/lib/ruby/2.3.0/webrick/httpserver.rb:140:in `service'
  /Users/Matt/.rvm/rubies/ruby-2.3.3/lib/ruby/2.3.0/webrick/httpserver.rb:96:in `run'
  /Users/Matt/.rvm/rubies/ruby-2.3.3/lib/ruby/2.3.0/webrick/server.rb:296:in `block in start_thread'


  Rendered /Users/Matt/.rvm/gems/ruby-2.3.3/gems/actionpack-4.2.11/lib/action_dispatch/middleware/templates/rescues/_trace.html.erb (1.5ms)
  Rendered /Users/Matt/.rvm/gems/ruby-2.3.3/gems/actionpack-4.2.11/lib/action_dispatch/middleware/templates/routes/_route.html.erb (2.1ms)
  Rendered /Users/Matt/.rvm/gems/ruby-2.3.3/gems/actionpack-4.2.11/lib/action_dispatch/middleware/templates/routes/_table.html.erb (9.1ms)
  Rendered /Users/Matt/.rvm/gems/ruby-2.3.3/gems/actionpack-4.2.11/lib/action_dispatch/middleware/templates/rescues/_request_and_response.html.erb (19.2ms)
  Rendered /Users/Matt/.rvm/gems/ruby-2.3.3/gems/actionpack-4.2.11/lib/action_dispatch/middleware/templates/rescues/routing_error.html.erb within rescues/layout (174.2ms)


Started GET "/school_classes" for ::1 at 2019-02-02 17:48:00 +0000
Processing by SchoolClassesController#index as HTML
  [1m[35mSchoolClass Load (0.5ms)[0m  SELECT "school_classes".* FROM "school_classes"
  Rendered school_classes/index.html.erb within layouts/application (4.7ms)
Completed 200 OK in 365ms (Views: 357.1ms | ActiveRecord: 0.7ms)


Started GET "/school_classes/new" for ::1 at 2019-02-02 17:48:03 +0000
Processing by SchoolClassesController#new as HTML
  Rendered school_classes/_form.html.erb (30.5ms)
  Rendered school_classes/new.html.erb within layouts/application (35.2ms)
Completed 200 OK in 73ms (Views: 67.6ms | ActiveRecord: 0.5ms)


Started POST "/school_classes" for ::1 at 2019-02-02 17:48:08 +0000
Processing by SchoolClassesController#create as HTML
  Parameters: {"utf8"=>"✓", "authenticity_token"=>"SEomUH91U761SLCD2gyA4Jt6Vjw3l5HVULsbKKg5DBslxbaqNqpQ8wDHp7pIPBeTlYBtdhVut8Y1IF6LHM4yCg==", "school_class"=>{"title"=>"Hotel", "room_number"=>"4"}, "commit"=>"Create School class"}
Unpermitted parameters: title, room_number
  [1m[36m (0.1ms)[0m  [1mbegin transaction[0m
  [1m[35mSQL (1.9ms)[0m  INSERT INTO "school_classes" DEFAULT VALUES
  [1m[36m (2.1ms)[0m  [1mcommit transaction[0m
Redirected to http://localhost:3000/school_classes/1
Completed 302 Found in 12ms (ActiveRecord: 4.1ms)


Started GET "/school_classes/1" for ::1 at 2019-02-02 17:48:09 +0000
Processing by SchoolClassesController#show as HTML
  Parameters: {"id"=>"1"}
  [1m[35mSchoolClass Load (0.3ms)[0m  SELECT  "school_classes".* FROM "school_classes" WHERE "school_classes"."id" = ? LIMIT 1  [["id", 1]]
  Rendered school_classes/show.html.erb within layouts/application (1.1ms)
Completed 200 OK in 47ms (Views: 31.3ms | ActiveRecord: 0.3ms)
